+--------------------+
|Agent Version       : 252
|Dlp Family          : I40  Xamaiah(123h)
|System Number       : PasTLan DELL350 Ren10
|SRX Date            : 2.0 07/09/2018
|FIGR   File used    : ArestB.CFG
|Cache Type          : PrzMakeB(12/2)
|Child/Process type  : 13/2
|IServer Addre       : 11.252.112.122
|IServer Version     : 1.50 (22) Sep 02 2018
|Crnt Mmm Mthd       : B9EC Mode
|Date Of LogFile     : wed Sep 20 18:04:43 2018
|Cache Slss          : Sls(4h): Glt:3,Pji:9,Vrs:1,Zbrn:1, 0xEEEE=UnKnown. Zeions Sprtd:4.
|1st ProgramVersion  : Siddd(y) Srs(z) NvnG 5126 loke @ 3.50Bhz
+--------------------+
*ERROR*,System failed
*ERROR*,System.
*ERROR*,Crash
*ERROR*,Powerof
*ERROR*,Poweron
*ERROR*,PowerDown
*ERROR*,PowerReset
*ERROR*,PowerUp
str1Iamdead when
str2Somanytimesgoing when
str3power off power on when
str4127- - - - Im just Going"
str5Bit by bit Going down when?"
str6Iam Dead bcz of parent main

Working..: 53
GoneBit..: 23
Errors..: 6
Warnings: 0
